<?xml version="1.0" encoding="UTF-8"?>
<robot generator="Robot 7.1.1 (Python 3.12.3 on linux)" generated="2024-11-26T08:36:06.407453" rpa="false" schemaversion="5">
<suite id="s1" name="01 LandingPage" source="/media/fariz/DiskD/1. Github/E2E-Mediverse/tests/01_LandingPage.robot">
<test id="s1-t1" name="Open Mediverse" line="16">
<kw name="Open Browser" owner="SeleniumLibrary">
<msg time="2024-11-26T08:36:06.520060" level="INFO">Opening browser 'chrome' to base url 'https://mediverse.id/'.</msg>
<arg>${URL}</arg>
<arg>${BROWSER}</arg>
<doc>Opens a new browser instance to the optional ``url``.</doc>
<status status="PASS" start="2024-11-26T08:36:06.519772" elapsed="5.412041"/>
</kw>
<kw name="Maximize Browser Window" owner="SeleniumLibrary">
<doc>Maximizes current browser window.</doc>
<status status="PASS" start="2024-11-26T08:36:11.932376" elapsed="0.069146"/>
</kw>
<kw name="Wait Until Element Is Visible" owner="SeleniumLibrary">
<arg>${BUTTON_DOWNLOAD}</arg>
<arg>10s</arg>
<doc>Waits until the element ``locator`` is visible.</doc>
<status status="PASS" start="2024-11-26T08:36:12.001845" elapsed="0.262607"/>
</kw>
<kw name="Click Element" owner="SeleniumLibrary">
<msg time="2024-11-26T08:36:12.265407" level="INFO">Clicking element 'xpath://button[contains(@class, 'Button_button__primary__oL151')]'.</msg>
<arg>${BUTTON_DOWNLOAD}</arg>
<doc>Click the element identified by ``locator``.</doc>
<status status="PASS" start="2024-11-26T08:36:12.264973" elapsed="0.154898"/>
</kw>
<kw name="Sleep" owner="BuiltIn">
<msg time="2024-11-26T08:36:14.421575" level="INFO">Slept 2 seconds.</msg>
<arg>2s</arg>
<doc>Pauses the test executed for the given time.</doc>
<status status="PASS" start="2024-11-26T08:36:12.420212" elapsed="2.001480"/>
</kw>
<kw name="Close Browser" owner="SeleniumLibrary">
<doc>Closes the current browser.</doc>
<status status="PASS" start="2024-11-26T08:36:14.421908" elapsed="0.144792"/>
</kw>
<status status="PASS" start="2024-11-26T08:36:06.518931" elapsed="8.048173"/>
</test>
<test id="s1-t2" name="Open Product" line="26">
<kw name="Open Browser" owner="SeleniumLibrary">
<msg time="2024-11-26T08:36:14.568384" level="INFO">Opening browser 'chrome' to base url 'https://mediverse.id/#our-product'.</msg>
<arg>https://mediverse.id/#our-product</arg>
<arg>${BROWSER}</arg>
<doc>Opens a new browser instance to the optional ``url``.</doc>
<status status="PASS" start="2024-11-26T08:36:14.567960" elapsed="1.224385"/>
</kw>
<kw name="Maximize Browser Window" owner="SeleniumLibrary">
<doc>Maximizes current browser window.</doc>
<status status="PASS" start="2024-11-26T08:36:15.792676" elapsed="0.147872"/>
</kw>
<kw name="Wait Until Element Is Visible" owner="SeleniumLibrary">
<arg>${DIV_LOCATOR_MADEVO}</arg>
<arg>10s</arg>
<doc>Waits until the element ``locator`` is visible.</doc>
<status status="PASS" start="2024-11-26T08:36:15.941452" elapsed="0.121925"/>
</kw>
<kw name="Get Text" owner="SeleniumLibrary">
<msg time="2024-11-26T08:36:16.388427" level="INFO" html="true">&lt;/td&gt;&lt;/tr&gt;&lt;tr&gt;&lt;td colspan="3"&gt;&lt;a href="selenium-screenshot-7.png"&gt;&lt;img src="selenium-screenshot-7.png" width="800px"&gt;&lt;/a&gt;</msg>
<msg time="2024-11-26T08:36:16.388699" level="FAIL">InvalidSelectorException: Message: invalid selector
from javascript error: {"status":32,"value":"Unable to locate an element with the xpath expression xpath://div[contains(@class, 'bg-') and contains(@class, 'FAF9FF')]//h1 because of the following error:\nSyntaxError: Failed to execute 'evaluate' on 'Document': The string 'xpath://div[contains(@class, 'bg-') and contains(@class, 'FAF9FF')]//h1' is not a valid XPath expression."}
  (Session info: chrome=131.0.6778.85); For documentation on this error, please visit: https://www.selenium.dev/documentation/webdriver/troubleshooting/errors#invalid-selector-exception
Stacktrace:
#0 0x59f754b3731a &lt;unknown&gt;
#1 0x59f75464d6e0 &lt;unknown&gt;
#2 0x59f7546534a3 &lt;unknown&gt;
#3 0x59f754655968 &lt;unknown&gt;
#4 0x59f7546559f3 &lt;unknown&gt;
#5 0x59f75469c045 &lt;unknown&gt;
#6 0x59f75469c681 &lt;unknown&gt;
#7 0x59f7546e1b41 &lt;unknown&gt;
#8 0x59f7546c048d &lt;unknown&gt;
#9 0x59f7546deed7 &lt;unknown&gt;
#10 0x59f7546c0203 &lt;unknown&gt;
#11 0x59f75468ecc0 &lt;unknown&gt;
#12 0x59f75468fc9e &lt;unknown&gt;
#13 0x59f754b04d0b &lt;unknown&gt;
#14 0x59f754b08c92 &lt;unknown&gt;
#15 0x59f754af1b3c &lt;unknown&gt;
#16 0x59f754b09807 &lt;unknown&gt;
#17 0x59f754ad70df &lt;unknown&gt;
#18 0x59f754b26578 &lt;unknown&gt;
#19 0x59f754b26740 &lt;unknown&gt;
#20 0x59f754b36196 &lt;unknown&gt;
#21 0x709747e9ca94 &lt;unknown&gt;
#22 0x709747f29c3c &lt;unknown&gt;
</msg>
<var>${title_madevo}</var>
<arg>xpath:${DIV_LOCATOR_MADEVO}//h1</arg>
<doc>Returns the text value of the element identified by ``locator``.</doc>
<status status="FAIL" start="2024-11-26T08:36:16.064888" elapsed="0.325608">InvalidSelectorException: Message: invalid selector
from javascript error: {"status":32,"value":"Unable to locate an element with the xpath expression xpath://div[contains(@class, 'bg-') and contains(@class, 'FAF9FF')]//h1 because of the following error:\nSyntaxError: Failed to execute 'evaluate' on 'Document': The string 'xpath://div[contains(@class, 'bg-') and contains(@class, 'FAF9FF')]//h1' is not a valid XPath expression."}
  (Session info: chrome=131.0.6778.85); For documentation on this error, please visit: https://www.selenium.dev/documentation/webdriver/troubleshooting/errors#invalid-selector-exception
Stacktrace:
#0 0x59f754b3731a &lt;unknown&gt;
#1 0x59f75464d6e0 &lt;unknown&gt;
#2 0x59f7546534a3 &lt;unknown&gt;
#3 0x59f754655968 &lt;unknown&gt;
#4 0x59f7546559f3 &lt;unknown&gt;
#5 0x59f75469c045 &lt;unknown&gt;
#6 0x59f75469c681 &lt;unknown&gt;
#7 0x59f7546e1b41 &lt;unknown&gt;
#8 0x59f7546c048d &lt;unknown&gt;
#9 0x59f7546deed7 &lt;unknown&gt;
#10 0x59f7546c0203 &lt;unknown&gt;
#11 0x59f75468ecc0 &lt;unknown&gt;
#12 0x59f75468fc9e &lt;unknown&gt;
#13 0x59f754b04d0b &lt;unknown&gt;
#14 0x59f754b08c92 &lt;unknown&gt;
#15 0x59f754af1b3c &lt;unknown&gt;
#16 0x59f754b09807 &lt;unknown&gt;
#17 0x59f754ad70df &lt;unknown&gt;
#18 0x59f754b26578 &lt;unknown&gt;
#19 0x59f754b26740 &lt;unknown&gt;
#20 0x59f754b36196 &lt;unknown&gt;
#21 0x709747e9ca94 &lt;unknown&gt;
#22 0x709747f29c3c &lt;unknown&gt;
</status>
</kw>
<kw name="Should Be Equal" owner="BuiltIn">
<arg>${title_madevo}</arg>
<arg>${EXPECTED_TITLE_MADEVO}</arg>
<doc>Fails if the given objects are unequal.</doc>
<status status="NOT RUN" start="2024-11-26T08:36:16.390889" elapsed="0.000085"/>
</kw>
<kw name="Get Text" owner="SeleniumLibrary">
<var>${description_madevo}</var>
<arg>xpath:${DIV_LOCATOR_MADEVO}//p</arg>
<doc>Returns the text value of the element identified by ``locator``.</doc>
<status status="NOT RUN" start="2024-11-26T08:36:16.391196" elapsed="0.000052"/>
</kw>
<kw name="Should Be Equal" owner="BuiltIn">
<arg>${description_madevo}</arg>
<arg>${EXPECTED_TEXT_MADEVO}</arg>
<doc>Fails if the given objects are unequal.</doc>
<status status="NOT RUN" start="2024-11-26T08:36:16.391422" elapsed="0.000039"/>
</kw>
<kw name="Close Browser" owner="SeleniumLibrary">
<doc>Closes the current browser.</doc>
<status status="NOT RUN" start="2024-11-26T08:36:16.391678" elapsed="0.000048"/>
</kw>
<status status="FAIL" start="2024-11-26T08:36:14.567460" elapsed="1.824581">InvalidSelectorException: Message: invalid selector
from javascript error: {"status":32,"value":"Unable to locate an element with the xpath expression xpath://div[contains(@class, 'bg-') and contains(@class, 'FAF9FF')]//h1 because of the following error:\nSyntaxError: Failed to execute 'evaluate' on 'Document': The string 'xpath://div[contains(@class, 'bg-') and contains(@class, 'FAF9FF')]//h1' is not a valid XPath expression."}
  (Session info: chrome=131.0.6778.85); For documentation on this error, please visit: https://www.selenium.dev/documentation/webdriver/troubleshooting/errors#invalid-selector-exception
Stacktrace:
#0 0x59f754b3731a &lt;unknown&gt;
#1 0x59f75464d6e0 &lt;unknown&gt;
#2 0x59f7546534a3 &lt;unknown&gt;
#3 0x59f754655968 &lt;unknown&gt;
#4 0x59f7546559f3 &lt;unknown&gt;
#5 0x59f75469c045 &lt;unknown&gt;
#6 0x59f75469c681 &lt;unknown&gt;
#7 0x59f7546e1b41 &lt;unknown&gt;
#8 0x59f7546c048d &lt;unknown&gt;
#9 0x59f7546deed7 &lt;unknown&gt;
#10 0x59f7546c0203 &lt;unknown&gt;
#11 0x59f75468ecc0 &lt;unknown&gt;
#12 0x59f75468fc9e &lt;unknown&gt;
#13 0x59f754b04d0b &lt;unknown&gt;
#14 0x59f754b08c92 &lt;unknown&gt;
#15 0x59f754af1b3c &lt;unknown&gt;
#16 0x59f754b09807 &lt;unknown&gt;
#17 0x59f754ad70df &lt;unknown&gt;
#18 0x59f754b26578 &lt;unknown&gt;
#19 0x59f754b26740 &lt;unknown&gt;
#20 0x59f754b36196 &lt;unknown&gt;
#21 0x709747e9ca94 &lt;unknown&gt;
#22 0x709747f29c3c &lt;unknown&gt;
</status>
</test>
<test id="s1-t3" name="Open Mitra" line="37">
<kw name="Open Browser" owner="SeleniumLibrary">
<msg time="2024-11-26T08:36:16.393401" level="INFO">Opening browser 'chrome' to base url 'https://mediverse.id/#partnership'.</msg>
<arg>https://mediverse.id/#partnership</arg>
<arg>${BROWSER}</arg>
<doc>Opens a new browser instance to the optional ``url``.</doc>
<status status="PASS" start="2024-11-26T08:36:16.393127" elapsed="9.393115"/>
</kw>
<kw name="Maximize Browser Window" owner="SeleniumLibrary">
<doc>Maximizes current browser window.</doc>
<status status="PASS" start="2024-11-26T08:36:25.786508" elapsed="0.059228"/>
</kw>
<kw name="Close Browser" owner="SeleniumLibrary">
<doc>Closes the current browser.</doc>
<status status="PASS" start="2024-11-26T08:36:25.846167" elapsed="0.140941"/>
</kw>
<status status="PASS" start="2024-11-26T08:36:16.392667" elapsed="9.595423"/>
</test>
<test id="s1-t4" name="Open Blog" line="43">
<kw name="Open Browser" owner="SeleniumLibrary">
<msg time="2024-11-26T08:36:25.995028" level="INFO">Opening browser 'chrome' to base url 'https://mediverse.id/#news'.</msg>
<arg>https://mediverse.id/#news</arg>
<arg>${BROWSER}</arg>
<doc>Opens a new browser instance to the optional ``url``.</doc>
<status status="PASS" start="2024-11-26T08:36:25.991607" elapsed="2.464591"/>
</kw>
<kw name="Maximize Browser Window" owner="SeleniumLibrary">
<doc>Maximizes current browser window.</doc>
<status status="PASS" start="2024-11-26T08:36:28.456479" elapsed="0.048824"/>
</kw>
<kw name="Close Browser" owner="SeleniumLibrary">
<doc>Closes the current browser.</doc>
<status status="PASS" start="2024-11-26T08:36:28.505644" elapsed="0.075216"/>
</kw>
<status status="PASS" start="2024-11-26T08:36:25.989463" elapsed="2.591675"/>
</test>
<test id="s1-t5" name="Open Promo" line="49">
<kw name="Open Browser" owner="SeleniumLibrary">
<msg time="2024-11-26T08:36:28.581937" level="INFO">Opening browser 'chrome' to base url 'https://mediverse.id/#promotion'.</msg>
<arg>https://mediverse.id/#promotion</arg>
<arg>${BROWSER}</arg>
<doc>Opens a new browser instance to the optional ``url``.</doc>
<status status="PASS" start="2024-11-26T08:36:28.581686" elapsed="2.513757"/>
</kw>
<kw name="Maximize Browser Window" owner="SeleniumLibrary">
<doc>Maximizes current browser window.</doc>
<status status="PASS" start="2024-11-26T08:36:31.095843" elapsed="0.047811"/>
</kw>
<kw name="Close Browser" owner="SeleniumLibrary">
<doc>Closes the current browser.</doc>
<status status="PASS" start="2024-11-26T08:36:31.144029" elapsed="1.076881"/>
</kw>
<status status="PASS" start="2024-11-26T08:36:28.581371" elapsed="3.639927"/>
</test>
<test id="s1-t6" name="Open Tentang Kami" line="55">
<kw name="Open Browser" owner="SeleniumLibrary">
<msg time="2024-11-26T08:36:32.222900" level="INFO">Opening browser 'chrome' to base url 'https://mediverse.id/#about-us'.</msg>
<arg>https://mediverse.id/#about-us</arg>
<arg>${BROWSER}</arg>
<doc>Opens a new browser instance to the optional ``url``.</doc>
<status status="PASS" start="2024-11-26T08:36:32.222480" elapsed="1.564713"/>
</kw>
<kw name="Maximize Browser Window" owner="SeleniumLibrary">
<doc>Maximizes current browser window.</doc>
<status status="PASS" start="2024-11-26T08:36:33.787592" elapsed="0.076051"/>
</kw>
<kw name="Close Browser" owner="SeleniumLibrary">
<doc>Closes the current browser.</doc>
<status status="PASS" start="2024-11-26T08:36:33.864360" elapsed="0.095292"/>
</kw>
<status status="PASS" start="2024-11-26T08:36:32.221877" elapsed="1.738037"/>
</test>
<status status="FAIL" start="2024-11-26T08:36:06.408228" elapsed="27.552262"/>
</suite>
<statistics>
<total>
<stat pass="5" fail="1" skip="0">All Tests</stat>
</total>
<tag>
</tag>
<suite>
<stat pass="5" fail="1" skip="0" id="s1" name="01 LandingPage">01 LandingPage</stat>
</suite>
</statistics>
<errors>
</errors>
</robot>
